<?xml version="1.0" encoding="UTF-8"?>
<!-- Generated by org.testng.reporters.JUnitXMLReporter -->
<testsuite ignored="2" hostname="Micky" failures="0" tests="4" name="OtherLoan" time="0.02" errors="0" timestamp="2024-10-22T00:14:19 IST">
  <testcase classname="BasicTests.Test3" name="CarLoanWeb" time="0.002"/>
  <testcase classname="BasicTests.Test4" name="Z" time="0.001"/>
  <testcase classname="BasicTests.Test4" name="HomeLoanMobile" time="0.002"/>
  <testcase classname="BasicTests.Test4" name="HomeLoanLogout" time="0.002"/>
  <testcase classname="BasicTests.Test3" name="CarLoanMobile" time="0.0">
    <ignored/>
  </testcase> <!-- CarLoanMobile -->
  <testcase classname="BasicTests.Test3" name="CarLoanLogout" time="0.0">
    <ignored/>
  </testcase> <!-- CarLoanLogout -->
</testsuite> <!-- OtherLoan -->
