<?xml version="1.0" encoding="UTF-8"?>
<!-- Generated by org.testng.reporters.JUnitXMLReporter -->
<testsuite ignored="0" hostname="Chandrahas" failures="0" tests="5" name="PL" time="0.073" errors="0" timestamp="2024-11-01T10:49:34 IST">
  <testcase classname="BasicTests.Parameters1" name="test" time="0.013"/>
  <testcase classname="BasicTests.Parameters2" name="login" time="0.003"/>
  <testcase classname="BasicTests.Parameters2" name="login" time="0.002"/>
  <testcase classname="BasicTests.Parameters2" name="login" time="0.002"/>
  <testcase classname="BasicTests.Parameters2" name="test" time="0.002"/>
</testsuite> <!-- PL -->
