<?xml version="1.0" encoding="UTF-8"?>
<!-- Generated by org.testng.reporters.JUnitXMLReporter -->
<testsuite ignored="0" hostname="Micky" failures="0" tests="14" name="Test" time="0.119" errors="0" timestamp="2024-10-21T23:38:31 IST">
  <testcase classname="RahulShetty.Test1" name="Test" time="0.018"/>
  <testcase classname="RahulShetty.Test1" name="Test2" time="0.001"/>
  <testcase classname="RahulShetty.Test2" name="PersonalLoanLogin" time="0.002"/>
  <testcase classname="RahulShetty.Test2" name="PersonalLoanLogout" time="0.001"/>
  <testcase classname="RahulShetty.Test2" name="PersonalLoanMobile" time="0.001"/>
  <testcase classname="RahulShetty.Test2" name="PersonalLoanWeb" time="0.003"/>
  <testcase classname="RahulShetty.Test3" name="CarLoanLogin" time="0.001"/>
  <testcase classname="RahulShetty.Test3" name="CarLoanLogout" time="0.001"/>
  <testcase classname="RahulShetty.Test3" name="CarLoanMobile" time="0.001"/>
  <testcase classname="RahulShetty.Test3" name="CarLoanWeb" time="0.001"/>
  <testcase classname="RahulShetty.Test4" name="HomeLoanLogin" time="0.002"/>
  <testcase classname="RahulShetty.Test4" name="HomeLoanLogout" time="0.002"/>
  <testcase classname="RahulShetty.Test4" name="HomeLoanMobile" time="0.002"/>
  <testcase classname="RahulShetty.Test4" name="HomeLoanWeb" time="0.001"/>
</testsuite> <!-- Test -->
